This is pdfTeX, Version 3.141592653-2.6-1.40.24 (TeX Live 2022/Debian) (preloaded format=pdflatex 2023.2.14)  14 FEB 2023 11:23
entering extended mode
 restricted \write18 enabled.
 file:line:error style messages enabled.
 %&-line parsing enabled.
**/home/hcgalvan/hcgmachlearn-gd/Humai-Certifica-AI/Docu/LateX/article.tex
(/home/hcgalvan/hcgmachlearn-gd/Humai-Certifica-AI/Docu/LateX/article.tex
LaTeX2e <2022-06-01> patch level 5
L3 programming layer <2022-07-15> (/usr/share/texlive/texmf-dist/tex/latex/base/article.cls
Document Class: article 2021/10/04 v1.4n Standard LaTeX document class
(/usr/share/texlive/texmf-dist/tex/latex/base/size11.clo
File: size11.clo 2021/10/04 v1.4n Standard LaTeX file (size option)
)
\c@part=\count185
\c@section=\count186
\c@subsection=\count187
\c@subsubsection=\count188
\c@paragraph=\count189
\c@subparagraph=\count190
\c@figure=\count191
\c@table=\count192
\abovecaptionskip=\skip47
\belowcaptionskip=\skip48
\bibindent=\dimen138
) (./jmlr2e.sty
Document Style `jmlr' -- January 2016.
(/usr/share/texlive/texmf-dist/tex/latex/graphics/epsfig.sty
Package: epsfig 2017/06/25 v1.7b (e)psfig emulation (SPQR)
 (/usr/share/texlive/texmf-dist/tex/latex/graphics/graphicx.sty
Package: graphicx 2021/09/16 v1.2d Enhanced LaTeX Graphics (DPC,SPQR)
 (/usr/share/texlive/texmf-dist/tex/latex/graphics/keyval.sty
Package: keyval 2022/05/29 v1.15 key=value parser (DPC)
\KV@toks@=\toks16
) (/usr/share/texlive/texmf-dist/tex/latex/graphics/graphics.sty
Package: graphics 2022/03/10 v1.4e Standard LaTeX Graphics (DPC,SPQR)
 (/usr/share/texlive/texmf-dist/tex/latex/graphics/trig.sty
Package: trig 2021/08/11 v1.11 sin cos tan (DPC)
) (/usr/share/texlive/texmf-dist/tex/latex/graphics-cfg/graphics.cfg
File: graphics.cfg 2016/06/04 v1.11 sample graphics configuration
)
Package graphics Info: Driver file: pdftex.def on input line 107.
 (/usr/share/texlive/texmf-dist/tex/latex/graphics-def/pdftex.def
File: pdftex.def 2020/10/05 v1.2a Graphics/color driver for pdftex
))
\Gin@req@height=\dimen139
\Gin@req@width=\dimen140
)
\epsfxsize=\dimen141
\epsfysize=\dimen142
) (/usr/share/texlive/texmf-dist/tex/latex/amsfonts/amssymb.sty
Package: amssymb 2013/01/14 v3.01 AMS font symbols
 (/usr/share/texlive/texmf-dist/tex/latex/amsfonts/amsfonts.sty
Package: amsfonts 2013/01/14 v3.01 Basic AMSFonts support
\@emptytoks=\toks17
\symAMSa=\mathgroup4
\symAMSb=\mathgroup5
LaTeX Font Info:    Redeclaring math symbol \hbar on input line 98.
LaTeX Font Info:    Overwriting math alphabet `\mathfrak' in version `bold'
(Font)                  U/euf/m/n --> U/euf/b/n on input line 106.
)) (/usr/share/texlive/texmf-dist/tex/latex/natbib/natbib.sty
Package: natbib 2010/09/13 8.31b (PWD, AO)
\bibhang=\skip49
\bibsep=\skip50
LaTeX Info: Redefining \cite on input line 694.
\c@NAT@ctr=\count193
) (/usr/share/texlive/texmf-dist/tex/latex/hyperref/hyperref.sty
Package: hyperref 2022-06-20 v7.00s Hypertext links for LaTeX
 (/usr/share/texlive/texmf-dist/tex/generic/ltxcmds/ltxcmds.sty
Package: ltxcmds 2020-05-10 v1.25 LaTeX kernel commands for general use (HO)
) (/usr/share/texlive/texmf-dist/tex/generic/iftex/iftex.sty
Package: iftex 2022/02/03 v1.0f TeX engine tests
) (/usr/share/texlive/texmf-dist/tex/generic/pdftexcmds/pdftexcmds.sty
Package: pdftexcmds 2020-06-27 v0.33 Utility functions of pdfTeX for LuaTeX (HO)
 (/usr/share/texlive/texmf-dist/tex/generic/infwarerr/infwarerr.sty
Package: infwarerr 2019/12/03 v1.5 Providing info/warning/error messages (HO)
)
Package pdftexcmds Info: \pdf@primitive is available.
Package pdftexcmds Info: \pdf@ifprimitive is available.
Package pdftexcmds Info: \pdfdraftmode found.
) (/usr/share/texlive/texmf-dist/tex/generic/kvsetkeys/kvsetkeys.sty
Package: kvsetkeys 2019/12/15 v1.18 Key value parser (HO)
) (/usr/share/texlive/texmf-dist/tex/generic/kvdefinekeys/kvdefinekeys.sty
Package: kvdefinekeys 2019-12-19 v1.6 Define keys (HO)
) (/usr/share/texlive/texmf-dist/tex/generic/pdfescape/pdfescape.sty
Package: pdfescape 2019/12/09 v1.15 Implements pdfTeX's escape features (HO)
) (/usr/share/texlive/texmf-dist/tex/latex/hycolor/hycolor.sty
Package: hycolor 2020-01-27 v1.10 Color options for hyperref/bookmark (HO)
) (/usr/share/texlive/texmf-dist/tex/latex/letltxmacro/letltxmacro.sty
Package: letltxmacro 2019/12/03 v1.6 Let assignment for LaTeX macros (HO)
) (/usr/share/texlive/texmf-dist/tex/latex/auxhook/auxhook.sty
Package: auxhook 2019-12-17 v1.6 Hooks for auxiliary files (HO)
) (/usr/share/texlive/texmf-dist/tex/latex/hyperref/nameref.sty
Package: nameref 2022-05-17 v2.50 Cross-referencing by name of section
 (/usr/share/texlive/texmf-dist/tex/latex/refcount/refcount.sty
Package: refcount 2019/12/15 v3.6 Data extraction from label references (HO)
) (/usr/share/texlive/texmf-dist/tex/generic/gettitlestring/gettitlestring.sty
Package: gettitlestring 2019/12/15 v1.6 Cleanup title references (HO)
 (/usr/share/texlive/texmf-dist/tex/latex/kvoptions/kvoptions.sty
Package: kvoptions 2022-06-15 v3.15 Key value format for package options (HO)
))
\c@section@level=\count194
)
\@linkdim=\dimen143
\Hy@linkcounter=\count195
\Hy@pagecounter=\count196
 (/usr/share/texlive/texmf-dist/tex/latex/hyperref/pd1enc.def
File: pd1enc.def 2022-06-20 v7.00s Hyperref: PDFDocEncoding definition (HO)
Now handling font encoding PD1 ...
... no UTF-8 mapping file for font encoding PD1
) (/usr/share/texlive/texmf-dist/tex/generic/intcalc/intcalc.sty
Package: intcalc 2019/12/15 v1.3 Expandable calculations with integers (HO)
) (/usr/share/texlive/texmf-dist/tex/generic/etexcmds/etexcmds.sty
Package: etexcmds 2019/12/15 v1.7 Avoid name clashes with e-TeX commands (HO)
)
\Hy@SavedSpaceFactor=\count197
 (/usr/share/texlive/texmf-dist/tex/latex/hyperref/puenc.def
File: puenc.def 2022-06-20 v7.00s Hyperref: PDF Unicode definition (HO)
Now handling font encoding PU ...
... no UTF-8 mapping file for font encoding PU
)
Package hyperref Info: Option `colorlinks' set `false' on input line 4045.
Package hyperref Info: Hyper figures OFF on input line 4162.
Package hyperref Info: Link nesting OFF on input line 4167.
Package hyperref Info: Hyper index ON on input line 4170.
Package hyperref Info: Plain pages OFF on input line 4177.
Package hyperref Info: Backreferencing OFF on input line 4182.
Package hyperref Info: Implicit mode ON; LaTeX internals redefined.
Package hyperref Info: Bookmarks ON on input line 4408.
\c@Hy@tempcnt=\count198
 (/usr/share/texlive/texmf-dist/tex/latex/url/url.sty
\Urlmuskip=\muskip16
Package: url 2013/09/16  ver 3.4  Verb mode for urls, etc.
)
LaTeX Info: Redefining \url on input line 4746.
\XeTeXLinkMargin=\dimen144
 (/usr/share/texlive/texmf-dist/tex/generic/bitset/bitset.sty
Package: bitset 2019/12/09 v1.3 Handle bit-vector datatype (HO)
 (/usr/share/texlive/texmf-dist/tex/generic/bigintcalc/bigintcalc.sty
Package: bigintcalc 2019/12/15 v1.5 Expandable calculations on big integers (HO)
))
\Fld@menulength=\count199
\Field@Width=\dimen145
\Fld@charsize=\dimen146
Package hyperref Info: Hyper figures OFF on input line 6024.
Package hyperref Info: Link nesting OFF on input line 6029.
Package hyperref Info: Hyper index ON on input line 6032.
Package hyperref Info: backreferencing OFF on input line 6039.
Package hyperref Info: Link coloring OFF on input line 6044.
Package hyperref Info: Link coloring with OCG OFF on input line 6049.
Package hyperref Info: PDF/A mode OFF on input line 6054.
 (/usr/share/texlive/texmf-dist/tex/latex/base/atbegshi-ltx.sty
Package: atbegshi-ltx 2021/01/10 v1.0c Emulation of the original atbegshi
package with kernel methods
)
\Hy@abspage=\count266
\c@Item=\count267
\c@Hfootnote=\count268
)
Package hyperref Info: Driver (autodetected): hpdftex.
 (/usr/share/texlive/texmf-dist/tex/latex/hyperref/hpdftex.def
File: hpdftex.def 2022-06-20 v7.00s Hyperref driver for pdfTeX
 (/usr/share/texlive/texmf-dist/tex/latex/base/atveryend-ltx.sty
Package: atveryend-ltx 2020/08/19 v1.0a Emulation of the original atveryend package
with kernel methods
)
\Fld@listcount=\count269
\c@bookmark@seq@number=\count270
 (/usr/share/texlive/texmf-dist/tex/latex/rerunfilecheck/rerunfilecheck.sty
Package: rerunfilecheck 2022-07-10 v1.10 Rerun checks for auxiliary files (HO)
 (/usr/share/texlive/texmf-dist/tex/generic/uniquecounter/uniquecounter.sty
Package: uniquecounter 2019/12/15 v1.4 Provide unlimited unique counter (HO)
)
Package uniquecounter Info: New unique counter `rerunfilecheck' on input line 285.
)
\Hy@SectionHShift=\skip51
)
\aftertitskip=\skip52
\beforetitskip=\skip53
\interauthorskip=\skip54
\aftermaketitskip=\skip55
\c@example=\count271
\c@theorem=\count272
) (/usr/share/texlive/texmf-dist/tex/latex/base/inputenc.sty
Package: inputenc 2021/02/14 v1.3d Input encoding file
\inpenc@prehook=\toks18
\inpenc@posthook=\toks19
) (/usr/share/texlive/texmf-dist/tex/latex/l3backend/l3backend-pdftex.def
File: l3backend-pdftex.def 2022-07-01 L3 backend support: PDF output (pdfTeX)
\l__color_backend_stack_int=\count273
\l__pdf_internal_box=\box51
) (./article.aux)
\openout1 = `article.aux'.

LaTeX Font Info:    Checking defaults for OML/cmm/m/it on input line 28.
LaTeX Font Info:    ... okay on input line 28.
LaTeX Font Info:    Checking defaults for OMS/cmsy/m/n on input line 28.
LaTeX Font Info:    ... okay on input line 28.
LaTeX Font Info:    Checking defaults for OT1/cmr/m/n on input line 28.
LaTeX Font Info:    ... okay on input line 28.
LaTeX Font Info:    Checking defaults for T1/cmr/m/n on input line 28.
LaTeX Font Info:    ... okay on input line 28.
LaTeX Font Info:    Checking defaults for TS1/cmr/m/n on input line 28.
LaTeX Font Info:    ... okay on input line 28.
LaTeX Font Info:    Checking defaults for OMX/cmex/m/n on input line 28.
LaTeX Font Info:    ... okay on input line 28.
LaTeX Font Info:    Checking defaults for U/cmr/m/n on input line 28.
LaTeX Font Info:    ... okay on input line 28.
LaTeX Font Info:    Checking defaults for PD1/pdf/m/n on input line 28.
LaTeX Font Info:    ... okay on input line 28.
LaTeX Font Info:    Checking defaults for PU/pdf/m/n on input line 28.
LaTeX Font Info:    ... okay on input line 28.
 (/usr/share/texlive/texmf-dist/tex/context/base/mkii/supp-pdf.mkii
[Loading MPS to PDF converter (version 2006.09.02).]
\scratchcounter=\count274
\scratchdimen=\dimen147
\scratchbox=\box52
\nofMPsegments=\count275
\nofMParguments=\count276
\everyMPshowfont=\toks20
\MPscratchCnt=\count277
\MPscratchDim=\dimen148
\MPnumerator=\count278
\makeMPintoPDFobject=\count279
\everyMPtoPDFconversion=\toks21
) (/usr/share/texlive/texmf-dist/tex/latex/epstopdf-pkg/epstopdf-base.sty
Package: epstopdf-base 2020-01-24 v2.11 Base part for package epstopdf
 (/usr/share/texlive/texmf-dist/tex/latex/grfext/grfext.sty
Package: grfext 2019/12/03 v1.3 Manage graphics extensions (HO)
)
Package epstopdf-base Info: Redefining graphics rule for `.eps' on input line 485.
Package grfext Info: Graphics extension search list:
(grfext)             [.pdf,.png,.jpg,.mps,.jpeg,.jbig2,.jb2,.PDF,.PNG,.JPG,.JPEG,.JBIG2,.JB2,.eps]
(grfext)             \AppendGraphicsExtensions on input line 504.
 (/usr/share/texlive/texmf-dist/tex/latex/latexconfig/epstopdf-sys.cfg
File: epstopdf-sys.cfg 2010/07/13 v1.3 Configuration of (r)epstopdf for TeX Live
))
Package hyperref Info: Link coloring OFF on input line 28.
\@outlinefile=\write3
\openout3 = `article.out'.


Underfull \hbox (badness 10000) in paragraph at lines 69--79

 []

[1{/var/lib/texmf/fonts/map/pdftex/updmap/pdftex.map}

]
Underfull \vbox (badness 1540) has occurred while \output is active []

 [2]
Underfull \vbox (badness 10000) has occurred while \output is active []

 [3]
LaTeX Font Info:    Trying to load font information for U+msa on input line 216.
 (/usr/share/texlive/texmf-dist/tex/latex/amsfonts/umsa.fd
File: umsa.fd 2013/01/14 v3.01 AMS symbols A
)
LaTeX Font Info:    Trying to load font information for U+msb on input line 216.
 (/usr/share/texlive/texmf-dist/tex/latex/amsfonts/umsb.fd
File: umsb.fd 2013/01/14 v3.01 AMS symbols B
)
/home/hcgalvan/hcgmachlearn-gd/Humai-Certifica-AI/Docu/LateX/article.tex:228: Undefined control sequence.
l.228 etiquetado $x_{\text
                          {train}},t_{\text{train}}$
The control sequence at the end of the top line
of your error message was never \def'ed. If you have
misspelled it (e.g., `\hobx'), type `I' and the correct
spelling (e.g., `I\hbox'). Otherwise just continue,
and I'll forget about whatever was undefined.

/home/hcgalvan/hcgmachlearn-gd/Humai-Certifica-AI/Docu/LateX/article.tex:228: Undefined control sequence.
l.228 etiquetado $x_{\text{train}},t_{\text
                                           {train}}$
The control sequence at the end of the top line
of your error message was never \def'ed. If you have
misspelled it (e.g., `\hobx'), type `I' and the correct
spelling (e.g., `I\hbox'). Otherwise just continue,
and I'll forget about whatever was undefined.

/home/hcgalvan/hcgmachlearn-gd/Humai-Certifica-AI/Docu/LateX/article.tex:233: Undefined control sequence.
l.233 ...namiento un conjunto etiquetado $x_{\text
                                                  {train}},t_{\text{train}}$
The control sequence at the end of the top line
of your error message was never \def'ed. If you have
misspelled it (e.g., `\hobx'), type `I' and the correct
spelling (e.g., `I\hbox'). Otherwise just continue,
and I'll forget about whatever was undefined.

/home/hcgalvan/hcgmachlearn-gd/Humai-Certifica-AI/Docu/LateX/article.tex:233: Undefined control sequence.
l.233 ...nto etiquetado $x_{\text{train}},t_{\text
                                                  {train}}$
The control sequence at the end of the top line
of your error message was never \def'ed. If you have
misspelled it (e.g., `\hobx'), type `I' and the correct
spelling (e.g., `I\hbox'). Otherwise just continue,
and I'll forget about whatever was undefined.


Underfull \hbox (badness 10000) in paragraph at lines 239--240

 []


Underfull \hbox (badness 10000) in paragraph at lines 243--247

 []

[4]
/home/hcgalvan/hcgmachlearn-gd/Humai-Certifica-AI/Docu/LateX/article.tex:256: Undefined control sequence.
l.256 ...nica medición, la verosimilitud $p(\text
                                                  {t}|\vec{x},\vec{w})$ es d...
The control sequence at the end of the top line
of your error message was never \def'ed. If you have
misspelled it (e.g., `\hobx'), type `I' and the correct
spelling (e.g., `I\hbox'). Otherwise just continue,
and I'll forget about whatever was undefined.

/home/hcgalvan/hcgmachlearn-gd/Humai-Certifica-AI/Docu/LateX/article.tex:260: Undefined control sequence.
l.260 $p(\text
              {T}|X,\vec{w})=\prod_{n=1}^{N}y^{t_n}_{n}(1-y_{n})^{1-t_n}$, d...
The control sequence at the end of the top line
of your error message was never \def'ed. If you have
misspelled it (e.g., `\hobx'), type `I' and the correct
spelling (e.g., `I\hbox'). Otherwise just continue,
and I'll forget about whatever was undefined.

/home/hcgalvan/hcgmachlearn-gd/Humai-Certifica-AI/Docu/LateX/article.tex:263: Undefined control sequence.
<recently read> \text 
                      
l.263 $\text
            {Ln }p(\text{T}|\vec{w})=\sum_{n=1}^{N}(t_{n}\text{Ln }y_{n}+(1-...
The control sequence at the end of the top line
of your error message was never \def'ed. If you have
misspelled it (e.g., `\hobx'), type `I' and the correct
spelling (e.g., `I\hbox'). Otherwise just continue,
and I'll forget about whatever was undefined.

/home/hcgalvan/hcgmachlearn-gd/Humai-Certifica-AI/Docu/LateX/article.tex:263: Undefined control sequence.
l.263 $\text{Ln }p(\text
                        {T}|\vec{w})=\sum_{n=1}^{N}(t_{n}\text{Ln }y_{n}+(1-...
The control sequence at the end of the top line
of your error message was never \def'ed. If you have
misspelled it (e.g., `\hobx'), type `I' and the correct
spelling (e.g., `I\hbox'). Otherwise just continue,
and I'll forget about whatever was undefined.

/home/hcgalvan/hcgmachlearn-gd/Humai-Certifica-AI/Docu/LateX/article.tex:263: Undefined control sequence.
l.263 ...ext{T}|\vec{w})=\sum_{n=1}^{N}(t_{n}\text
                                                  {Ln }y_{n}+(1-t_{n})\text{...
The control sequence at the end of the top line
of your error message was never \def'ed. If you have
misspelled it (e.g., `\hobx'), type `I' and the correct
spelling (e.g., `I\hbox'). Otherwise just continue,
and I'll forget about whatever was undefined.

/home/hcgalvan/hcgmachlearn-gd/Humai-Certifica-AI/Docu/LateX/article.tex:263: Undefined control sequence.
l.263 ...}^{N}(t_{n}\text{Ln }y_{n}+(1-t_{n})\text
                                                  {Ln }(1-y_{n}))$.
The control sequence at the end of the top line
of your error message was never \def'ed. If you have
misspelled it (e.g., `\hobx'), type `I' and the correct
spelling (e.g., `I\hbox'). Otherwise just continue,
and I'll forget about whatever was undefined.

/home/hcgalvan/hcgmachlearn-gd/Humai-Certifica-AI/Docu/LateX/article.tex:267: Undefined control sequence.
l.267 $$E(\vec{w})=-\sum_{n=1}^{N}(t_{n}\text
                                             {ln}y_{n}+(1-t_{n})\text{ln}(1-...
The control sequence at the end of the top line
of your error message was never \def'ed. If you have
misspelled it (e.g., `\hobx'), type `I' and the correct
spelling (e.g., `I\hbox'). Otherwise just continue,
and I'll forget about whatever was undefined.

/home/hcgalvan/hcgmachlearn-gd/Humai-Certifica-AI/Docu/LateX/article.tex:267: Undefined control sequence.
l.267 ...1}^{N}(t_{n}\text{ln}y_{n}+(1-t_{n})\text
                                                  {ln}(1-y_{n}))$$
The control sequence at the end of the top line
of your error message was never \def'ed. If you have
misspelled it (e.g., `\hobx'), type `I' and the correct
spelling (e.g., `I\hbox'). Otherwise just continue,
and I'll forget about whatever was undefined.

/home/hcgalvan/hcgmachlearn-gd/Humai-Certifica-AI/Docu/LateX/article.tex:271: Undefined control sequence.
<recently read> \text 
                      
l.271 Si $t_{n}=1$, tiene en cuenta $\text
                                          {Ln }y_{n}$.
The control sequence at the end of the top line
of your error message was never \def'ed. If you have
misspelled it (e.g., `\hobx'), type `I' and the correct
spelling (e.g., `I\hbox'). Otherwise just continue,
and I'll forget about whatever was undefined.

/home/hcgalvan/hcgmachlearn-gd/Humai-Certifica-AI/Docu/LateX/article.tex:274: Undefined control sequence.
<recently read> \text 
                      
l.274 Si $t_{n}=0$, tiene en cuenta $\text
                                          {Ln }1-y_{n}$.
The control sequence at the end of the top line
of your error message was never \def'ed. If you have
misspelled it (e.g., `\hobx'), type `I' and the correct
spelling (e.g., `I\hbox'). Otherwise just continue,
and I'll forget about whatever was undefined.

/home/hcgalvan/hcgmachlearn-gd/Humai-Certifica-AI/Docu/LateX/article.tex:285: Undefined control sequence.
l.285 $\vec{w}^{\text
                     {nuevo}}=\vec{w}^{\text{viejo}}-\text{H}^{-1}\nabla E(\...
The control sequence at the end of the top line
of your error message was never \def'ed. If you have
misspelled it (e.g., `\hobx'), type `I' and the correct
spelling (e.g., `I\hbox'). Otherwise just continue,
and I'll forget about whatever was undefined.

/home/hcgalvan/hcgmachlearn-gd/Humai-Certifica-AI/Docu/LateX/article.tex:285: Undefined control sequence.
l.285 $\vec{w}^{\text{nuevo}}=\vec{w}^{\text
                                            {viejo}}-\text{H}^{-1}\nabla E(\...
The control sequence at the end of the top line
of your error message was never \def'ed. If you have
misspelled it (e.g., `\hobx'), type `I' and the correct
spelling (e.g., `I\hbox'). Otherwise just continue,
and I'll forget about whatever was undefined.

/home/hcgalvan/hcgmachlearn-gd/Humai-Certifica-AI/Docu/LateX/article.tex:285: Undefined control sequence.
l.285 ...text{nuevo}}=\vec{w}^{\text{viejo}}-\text
                                                  {H}^{-1}\nabla E(\vec{w})$
The control sequence at the end of the top line
of your error message was never \def'ed. If you have
misspelled it (e.g., `\hobx'), type `I' and the correct
spelling (e.g., `I\hbox'). Otherwise just continue,
and I'll forget about whatever was undefined.

/home/hcgalvan/hcgmachlearn-gd/Humai-Certifica-AI/Docu/LateX/article.tex:287: Undefined control sequence.
<recently read> \text 
                      
l.287 ...c{w})$ es el gradiente del error y $\text
                                                  {H}$ es la matriz Hessiana.
The control sequence at the end of the top line
of your error message was never \def'ed. If you have
misspelled it (e.g., `\hobx'), type `I' and the correct
spelling (e.g., `I\hbox'). Otherwise just continue,
and I'll forget about whatever was undefined.

/home/hcgalvan/hcgmachlearn-gd/Humai-Certifica-AI/Docu/LateX/article.tex:291: Undefined control sequence.
l.291 $\vec{w}^{\text
                     {nuevo}}=( \Phi^{T}\text{R}\Phi )^{-1}\Phi^{T}\text{R}\...
The control sequence at the end of the top line
of your error message was never \def'ed. If you have
misspelled it (e.g., `\hobx'), type `I' and the correct
spelling (e.g., `I\hbox'). Otherwise just continue,
and I'll forget about whatever was undefined.

/home/hcgalvan/hcgmachlearn-gd/Humai-Certifica-AI/Docu/LateX/article.tex:291: Undefined control sequence.
l.291 $\vec{w}^{\text{nuevo}}=( \Phi^{T}\text
                                             {R}\Phi )^{-1}\Phi^{T}\text{R}\...
The control sequence at the end of the top line
of your error message was never \def'ed. If you have
misspelled it (e.g., `\hobx'), type `I' and the correct
spelling (e.g., `I\hbox'). Otherwise just continue,
and I'll forget about whatever was undefined.

/home/hcgalvan/hcgmachlearn-gd/Humai-Certifica-AI/Docu/LateX/article.tex:291: Undefined control sequence.
l.291 ... \Phi^{T}\text{R}\Phi )^{-1}\Phi^{T}\text
                                                  {R}\text{z}$
The control sequence at the end of the top line
of your error message was never \def'ed. If you have
misspelled it (e.g., `\hobx'), type `I' and the correct
spelling (e.g., `I\hbox'). Otherwise just continue,
and I'll forget about whatever was undefined.

/home/hcgalvan/hcgmachlearn-gd/Humai-Certifica-AI/Docu/LateX/article.tex:291: Undefined control sequence.
l.291 ...}\text{R}\Phi )^{-1}\Phi^{T}\text{R}\text
                                                  {z}$
The control sequence at the end of the top line
of your error message was never \def'ed. If you have
misspelled it (e.g., `\hobx'), type `I' and the correct
spelling (e.g., `I\hbox'). Otherwise just continue,
and I'll forget about whatever was undefined.

/home/hcgalvan/hcgmachlearn-gd/Humai-Certifica-AI/Docu/LateX/article.tex:293: Undefined control sequence.
<recently read> \text 
                      
l.293 Con $\Phi$ la matriz de diseño, $\text
                                             {R}$ la matriz diagonal cuyos e...
The control sequence at the end of the top line
of your error message was never \def'ed. If you have
misspelled it (e.g., `\hobx'), type `I' and the correct
spelling (e.g., `I\hbox'). Otherwise just continue,
and I'll forget about whatever was undefined.

/home/hcgalvan/hcgmachlearn-gd/Humai-Certifica-AI/Docu/LateX/article.tex:293: Undefined control sequence.
<recently read> \text 
                      
l.293 ...s elementos son $y_{n}(1-y_{n})$ y $\text
                                                  {z}$
The control sequence at the end of the top line
of your error message was never \def'ed. If you have
misspelled it (e.g., `\hobx'), type `I' and the correct
spelling (e.g., `I\hbox'). Otherwise just continue,
and I'll forget about whatever was undefined.

/home/hcgalvan/hcgmachlearn-gd/Humai-Certifica-AI/Docu/LateX/article.tex:296: Undefined control sequence.
<recently read> \text 
                      
l.296 $\text
            {z}=\Phi\vec{w}^{\text{viejo}}-\text{R}^{-1}(\text{Y}-\text{T})$
The control sequence at the end of the top line
of your error message was never \def'ed. If you have
misspelled it (e.g., `\hobx'), type `I' and the correct
spelling (e.g., `I\hbox'). Otherwise just continue,
and I'll forget about whatever was undefined.

/home/hcgalvan/hcgmachlearn-gd/Humai-Certifica-AI/Docu/LateX/article.tex:296: Undefined control sequence.
l.296 $\text{z}=\Phi\vec{w}^{\text
                                  {viejo}}-\text{R}^{-1}(\text{Y}-\text{T})$
The control sequence at the end of the top line
of your error message was never \def'ed. If you have
misspelled it (e.g., `\hobx'), type `I' and the correct
spelling (e.g., `I\hbox'). Otherwise just continue,
and I'll forget about whatever was undefined.

/home/hcgalvan/hcgmachlearn-gd/Humai-Certifica-AI/Docu/LateX/article.tex:296: Undefined control sequence.
l.296 $\text{z}=\Phi\vec{w}^{\text{viejo}}-\text
                                                {R}^{-1}(\text{Y}-\text{T})$
The control sequence at the end of the top line
of your error message was never \def'ed. If you have
misspelled it (e.g., `\hobx'), type `I' and the correct
spelling (e.g., `I\hbox'). Otherwise just continue,
and I'll forget about whatever was undefined.

/home/hcgalvan/hcgmachlearn-gd/Humai-Certifica-AI/Docu/LateX/article.tex:296: Undefined control sequence.
l.296 ...vec{w}^{\text{viejo}}-\text{R}^{-1}(\text
                                                  {Y}-\text{T})$
The control sequence at the end of the top line
of your error message was never \def'ed. If you have
misspelled it (e.g., `\hobx'), type `I' and the correct
spelling (e.g., `I\hbox'). Otherwise just continue,
and I'll forget about whatever was undefined.

/home/hcgalvan/hcgmachlearn-gd/Humai-Certifica-AI/Docu/LateX/article.tex:296: Undefined control sequence.
l.296 ...text{viejo}}-\text{R}^{-1}(\text{Y}-\text
                                                  {T})$
The control sequence at the end of the top line
of your error message was never \def'ed. If you have
misspelled it (e.g., `\hobx'), type `I' and the correct
spelling (e.g., `I\hbox'). Otherwise just continue,
and I'll forget about whatever was undefined.

/home/hcgalvan/hcgmachlearn-gd/Humai-Certifica-AI/Docu/LateX/article.tex:298: Undefined control sequence.
<recently read> \text 
                      
l.298 Con $\text
                {Y}$ e $\text{T}$ los vectores de predicciones y respuestas ...
The control sequence at the end of the top line
of your error message was never \def'ed. If you have
misspelled it (e.g., `\hobx'), type `I' and the correct
spelling (e.g., `I\hbox'). Otherwise just continue,
and I'll forget about whatever was undefined.

/home/hcgalvan/hcgmachlearn-gd/Humai-Certifica-AI/Docu/LateX/article.tex:298: Undefined control sequence.
<recently read> \text 
                      
l.298 Con $\text{Y}$ e $\text
                             {T}$ los vectores de predicciones y respuestas ...
The control sequence at the end of the top line
of your error message was never \def'ed. If you have
misspelled it (e.g., `\hobx'), type `I' and the correct
spelling (e.g., `I\hbox'). Otherwise just continue,
and I'll forget about whatever was undefined.

/home/hcgalvan/hcgmachlearn-gd/Humai-Certifica-AI/Docu/LateX/article.tex:299: Undefined control sequence.
<recently read> \text 
                      
l.299 ... entran varias veces: en la matriz $\text
                                                  {R}$, en el vector $\text{...
The control sequence at the end of the top line
of your error message was never \def'ed. If you have
misspelled it (e.g., `\hobx'), type `I' and the correct
spelling (e.g., `I\hbox'). Otherwise just continue,
and I'll forget about whatever was undefined.

/home/hcgalvan/hcgmachlearn-gd/Humai-Certifica-AI/Docu/LateX/article.tex:299: Undefined control sequence.
<recently read> \text 
                      
l.299 ...la matriz $\text{R}$, en el vector $\text
                                                  {Y}$ y
The control sequence at the end of the top line
of your error message was never \def'ed. If you have
misspelled it (e.g., `\hobx'), type `I' and the correct
spelling (e.g., `I\hbox'). Otherwise just continue,
and I'll forget about whatever was undefined.

/home/hcgalvan/hcgmachlearn-gd/Humai-Certifica-AI/Docu/LateX/article.tex:300: Undefined control sequence.
<recently read> \text 
                      
l.300 explicitamente en $\text
                              {z}$. Es por esto que es iterativo.
The control sequence at the end of the top line
of your error message was never \def'ed. If you have
misspelled it (e.g., `\hobx'), type `I' and the correct
spelling (e.g., `I\hbox'). Otherwise just continue,
and I'll forget about whatever was undefined.

[5]
/home/hcgalvan/hcgmachlearn-gd/Humai-Certifica-AI/Docu/LateX/article.tex:325: Undefined control sequence.
l.325 $$\text
             {Exactitud = }\frac{\text{VP}+\text{VN}}{\text{VP}+\text{FP}+\t...
The control sequence at the end of the top line
of your error message was never \def'ed. If you have
misspelled it (e.g., `\hobx'), type `I' and the correct
spelling (e.g., `I\hbox'). Otherwise just continue,
and I'll forget about whatever was undefined.

/home/hcgalvan/hcgmachlearn-gd/Humai-Certifica-AI/Docu/LateX/article.tex:325: Undefined control sequence.
<argument> \text 
                 {VP}+\text {VN}
l.325 ...{\text{VP}+\text{FP}+\text{VN}+\text{FN}}
                                                  $$
The control sequence at the end of the top line
of your error message was never \def'ed. If you have
misspelled it (e.g., `\hobx'), type `I' and the correct
spelling (e.g., `I\hbox'). Otherwise just continue,
and I'll forget about whatever was undefined.

/home/hcgalvan/hcgmachlearn-gd/Humai-Certifica-AI/Docu/LateX/article.tex:325: Undefined control sequence.
<argument> \text {VP}+\text 
                            {VN}
l.325 ...{\text{VP}+\text{FP}+\text{VN}+\text{FN}}
                                                  $$
The control sequence at the end of the top line
of your error message was never \def'ed. If you have
misspelled it (e.g., `\hobx'), type `I' and the correct
spelling (e.g., `I\hbox'). Otherwise just continue,
and I'll forget about whatever was undefined.

/home/hcgalvan/hcgmachlearn-gd/Humai-Certifica-AI/Docu/LateX/article.tex:325: Undefined control sequence.
<argument> \text 
                 {VP}+\text {FP}+\text {VN}+\text {FN}
l.325 ...{\text{VP}+\text{FP}+\text{VN}+\text{FN}}
                                                  $$
The control sequence at the end of the top line
of your error message was never \def'ed. If you have
misspelled it (e.g., `\hobx'), type `I' and the correct
spelling (e.g., `I\hbox'). Otherwise just continue,
and I'll forget about whatever was undefined.

/home/hcgalvan/hcgmachlearn-gd/Humai-Certifica-AI/Docu/LateX/article.tex:325: Undefined control sequence.
<argument> \text {VP}+\text 
                            {FP}+\text {VN}+\text {FN}
l.325 ...{\text{VP}+\text{FP}+\text{VN}+\text{FN}}
                                                  $$
The control sequence at the end of the top line
of your error message was never \def'ed. If you have
misspelled it (e.g., `\hobx'), type `I' and the correct
spelling (e.g., `I\hbox'). Otherwise just continue,
and I'll forget about whatever was undefined.

/home/hcgalvan/hcgmachlearn-gd/Humai-Certifica-AI/Docu/LateX/article.tex:325: Undefined control sequence.
<argument> \text {VP}+\text {FP}+\text 
                                       {VN}+\text {FN}
l.325 ...{\text{VP}+\text{FP}+\text{VN}+\text{FN}}
                                                  $$
The control sequence at the end of the top line
of your error message was never \def'ed. If you have
misspelled it (e.g., `\hobx'), type `I' and the correct
spelling (e.g., `I\hbox'). Otherwise just continue,
and I'll forget about whatever was undefined.

/home/hcgalvan/hcgmachlearn-gd/Humai-Certifica-AI/Docu/LateX/article.tex:325: Undefined control sequence.
<argument> \text {VP}+\text {FP}+\text {VN}+\text 
                                                  {FN}
l.325 ...{\text{VP}+\text{FP}+\text{VN}+\text{FN}}
                                                  $$
The control sequence at the end of the top line
of your error message was never \def'ed. If you have
misspelled it (e.g., `\hobx'), type `I' and the correct
spelling (e.g., `I\hbox'). Otherwise just continue,
and I'll forget about whatever was undefined.

[6]
No file article.bbl.
[7] (./article.aux)

LaTeX Warning: Label(s) may have changed. Rerun to get cross-references right.


Package rerunfilecheck Warning: File `article.out' has changed.
(rerunfilecheck)                Rerun to get outlines right
(rerunfilecheck)                or use package `bookmark'.

Package rerunfilecheck Info: Checksums for `article.out':
(rerunfilecheck)             Before: <no file>
(rerunfilecheck)             After:  BB868B857F8ACAADF43E95624C228B71;1136.
 ) 
Here is how much of TeX's memory you used:
 9225 strings out of 478023
 143586 string characters out of 5841208
 445000 words of memory out of 5000000
 27558 multiletter control sequences out of 15000+600000
 477063 words of font info for 56 fonts, out of 8000000 for 9000
 1141 hyphenation exceptions out of 8191
 87i,7n,91p,325b,431s stack positions out of 10000i,1000n,20000p,200000b,200000s
{/usr/share/texmf/fonts/enc/dvips/cm-super/cm-super-ts1.enc}</usr/share/texlive/texmf-dist/fonts/type1/public/amsfonts/cm/cmbx10.pfb></usr/share/texlive/texmf-dist/fonts/type1/public/amsfonts/cm/cmbx12.pfb></usr/share/texlive/texmf-dist/fonts/type1/public/amsfonts/cm/cmcsc10.pfb></usr/share/texlive/texmf-dist/fonts/type1/public/amsfonts/cm/cmex10.pfb></usr/share/texlive/texmf-dist/fonts/type1/public/amsfonts/cm/cmmi10.pfb></usr/share/texlive/texmf-dist/fonts/type1/public/amsfonts/cm/cmmi6.pfb></usr/share/texlive/texmf-dist/fonts/type1/public/amsfonts/cm/cmmi8.pfb></usr/share/texlive/texmf-dist/fonts/type1/public/amsfonts/cm/cmr10.pfb></usr/share/texlive/texmf-dist/fonts/type1/public/amsfonts/cm/cmr8.pfb></usr/share/texlive/texmf-dist/fonts/type1/public/amsfonts/cm/cmsy10.pfb></usr/share/texlive/texmf-dist/fonts/type1/public/amsfonts/cm/cmsy8.pfb></usr/share/texlive/texmf-dist/fonts/type1/public/amsfonts/cm/cmti10.pfb></usr/share/texmf/fonts/type1/public/cm-super/sfrm0800.pfb>
Output written on article.pdf (7 pages, 190631 bytes).
PDF statistics:
 117 PDF objects out of 1000 (max. 8388607)
 81 compressed objects within 1 object stream
 17 named destinations out of 1000 (max. 500000)
 1 words of extra memory for PDF output out of 10000 (max. 10000000)

